<?xml version="1.0" encoding="UTF-8"?>
<!-- Generated by org.testng.reporters.JUnitReportReporter -->
<testsuite name="com.automation.Test.LoginTest" tests="2" time="9.748" ignored="4" failures="0" timestamp="29 Jan 2021 04:25:37 GMT" skipped="0" hostname="DESKTOP-E01D2FU" errors="0">
  <testcase name="invalidlogin" time="2.217" classname="com.automation.Test.LoginTest"/>
  <testcase name="validlogin" time="7.531" classname="com.automation.Test.LoginTest"/>
  <testcase name="initializedriver" classname="AutomationProject.automation.AppConstant">
    <skipped/>
  </testcase> <!-- initializedriver -->
  <testcase name="initializedriver" classname="AutomationProject.automation.AppConstant">
    <skipped/>
  </testcase> <!-- initializedriver -->
  <testcase name="closedriver" classname="AutomationProject.automation.AppConstant">
    <skipped/>
  </testcase> <!-- closedriver -->
  <testcase name="closedriver" classname="AutomationProject.automation.AppConstant">
    <skipped/>
  </testcase> <!-- closedriver -->
</testsuite> <!-- com.automation.Test.LoginTest -->
